2015-07-02T16:13:45.622Z - info: winston logging started
2015-07-02T16:13:45.623Z - debug: log directory /Users/randy/Development/new_conversepoint/atrium-server/logs
2015-07-02T16:14:31.639Z - info: winston logging started
2015-07-02T16:14:31.640Z - debug: log directory /Users/randy/Development/new_conversepoint/atrium-server/logs
2015-07-02T16:14:31.898Z - debug:  0=local
2015-07-02T16:14:31.998Z - debug:  0=bearer
2015-07-02T16:14:33.067Z - debug:  0=github
2015-07-02T16:14:33.400Z - debug:  0=facebook
2015-07-02T16:14:33.837Z - debug:  0=google
2015-07-02T16:14:34.319Z - debug:  0=apikey
2015-07-02T16:14:34.322Z - debug:  0=========================================================================================
2015-07-02T16:14:34.322Z - debug:  0==  Please ensure that you set the default write concern for the database by setting    =
2015-07-02T16:14:34.323Z - debug:  0==   one of the options                                                                 =
2015-07-02T16:14:34.323Z - debug:  0==                                                                                      =
2015-07-02T16:14:34.323Z - debug:  0==     w: (value of > -1 or the string 'majority'), where < 1 means                     =
2015-07-02T16:14:34.324Z - debug:  0==        no write acknowledgement                                                       =
2015-07-02T16:14:34.324Z - debug:  0==     journal: true/false, wait for flush to journal before acknowledgement             =
2015-07-02T16:14:34.325Z - debug:  0==     fsync: true/false, wait for flush to file system before acknowledgement           =
2015-07-02T16:14:34.325Z - debug:  0==                                                                                      =
2015-07-02T16:14:34.326Z - debug:  0==  For backward compatibility safe is still supported and                              =
2015-07-02T16:14:34.326Z - debug:  0==   allows values of [true | false | {j:true} | {w:n, wtimeout:n} | {fsync:true}]      =
2015-07-02T16:14:34.327Z - debug:  0==   the default value is false which means the driver receives does not                =
2015-07-02T16:14:34.327Z - debug:  0==   return the information of the success/error of the insert/update/remove            =
2015-07-02T16:14:34.328Z - debug:  0==                                                                                      =
2015-07-02T16:14:34.328Z - debug:  0==   ex: new Db(new Server('localhost', 27017), {safe:false})                           =
2015-07-02T16:14:34.329Z - debug:  0==                                                                                      =
2015-07-02T16:14:34.329Z - debug:  0==   http://www.mongodb.org/display/DOCS/getLastError+Command                           =
2015-07-02T16:14:34.329Z - debug:  0==                                                                                      =
2015-07-02T16:14:34.330Z - debug:  0==  The default of no acknowledgement will change in the very near future                =
2015-07-02T16:14:34.330Z - debug:  0==                                                                                      =
2015-07-02T16:14:34.331Z - debug:  0==  This message will disappear when the default safe is set on the driver Db           =
2015-07-02T16:14:34.331Z - debug:  0=========================================================================================
2015-07-02T16:14:34.338Z - debug:  0=FAILED to Connect to %s database, 1=cp
2015-07-02T16:14:34.339Z - debug:  
2015-07-02T19:23:54.458Z - info: winston logging started
2015-07-02T19:23:54.458Z - debug: log directory /Users/randy/Development/new_conversepoint/atrium-server/logs
2015-07-02T19:24:14.217Z - debug:  0=local
2015-07-02T19:24:20.672Z - debug:  0=bearer
2015-07-02T19:24:22.930Z - debug:  0=github
2015-07-02T19:24:23.432Z - debug:  0=facebook
2015-07-02T19:24:24.029Z - debug:  0=google
2015-07-02T19:24:24.747Z - debug:  0=apikey
2015-07-02T19:24:24.750Z - debug:  0=========================================================================================
2015-07-02T19:24:24.750Z - debug:  0==  Please ensure that you set the default write concern for the database by setting    =
2015-07-02T19:24:24.750Z - debug:  0==   one of the options                                                                 =
2015-07-02T19:24:24.751Z - debug:  0==                                                                                      =
2015-07-02T19:24:24.751Z - debug:  0==     w: (value of > -1 or the string 'majority'), where < 1 means                     =
2015-07-02T19:24:24.752Z - debug:  0==        no write acknowledgement                                                       =
2015-07-02T19:24:24.752Z - debug:  0==     journal: true/false, wait for flush to journal before acknowledgement             =
2015-07-02T19:24:24.752Z - debug:  0==     fsync: true/false, wait for flush to file system before acknowledgement           =
2015-07-02T19:24:24.753Z - debug:  0==                                                                                      =
2015-07-02T19:24:24.753Z - debug:  0==  For backward compatibility safe is still supported and                              =
2015-07-02T19:24:24.754Z - debug:  0==   allows values of [true | false | {j:true} | {w:n, wtimeout:n} | {fsync:true}]      =
2015-07-02T19:24:24.754Z - debug:  0==   the default value is false which means the driver receives does not                =
2015-07-02T19:24:24.754Z - debug:  0==   return the information of the success/error of the insert/update/remove            =
2015-07-02T19:24:24.755Z - debug:  0==                                                                                      =
2015-07-02T19:24:24.755Z - debug:  0==   ex: new Db(new Server('localhost', 27017), {safe:false})                           =
2015-07-02T19:24:24.756Z - debug:  0==                                                                                      =
2015-07-02T19:24:24.756Z - debug:  0==   http://www.mongodb.org/display/DOCS/getLastError+Command                           =
2015-07-02T19:24:24.756Z - debug:  0==                                                                                      =
2015-07-02T19:24:24.757Z - debug:  0==  The default of no acknowledgement will change in the very near future                =
2015-07-02T19:24:24.757Z - debug:  0==                                                                                      =
2015-07-02T19:24:24.758Z - debug:  0==  This message will disappear when the default safe is set on the driver Db           =
2015-07-02T19:24:24.758Z - debug:  0=========================================================================================
2015-07-02T19:24:24.795Z - debug:  0=FAILED to Connect to %s database, 1=cp
2015-07-02T19:24:24.795Z - debug:  
2015-07-02T19:51:22.063Z - info: winston logging started
2015-07-02T19:51:29.098Z - debug: log directory /Users/randy/Development/new_conversepoint/atrium-server/logs
2015-07-02T19:51:44.506Z - debug: local
2015-07-02T19:51:50.808Z - debug: bearer
2015-07-02T19:51:52.622Z - debug: github
2015-07-02T19:51:53.108Z - debug: facebook
2015-07-02T19:51:53.693Z - debug: google
2015-07-02T19:51:54.355Z - debug: apikey
2015-07-02T19:51:54.357Z - debug: ========================================================================================
2015-07-02T19:51:54.358Z - debug: =  Please ensure that you set the default write concern for the database by setting    =
2015-07-02T19:51:54.358Z - debug: =   one of the options                                                                 =
2015-07-02T19:51:54.359Z - debug: =                                                                                      =
2015-07-02T19:51:54.359Z - debug: =     w: (value of > -1 or the string 'majority'), where < 1 means                     =
2015-07-02T19:51:54.359Z - debug: =        no write acknowledgement                                                       =
2015-07-02T19:51:54.360Z - debug: =     journal: true/false, wait for flush to journal before acknowledgement             =
2015-07-02T19:51:54.360Z - debug: =     fsync: true/false, wait for flush to file system before acknowledgement           =
2015-07-02T19:51:54.360Z - debug: =                                                                                      =
2015-07-02T19:51:54.361Z - debug: =  For backward compatibility safe is still supported and                              =
2015-07-02T19:51:54.361Z - debug: =   allows values of [true | false | {j:true} | {w:n, wtimeout:n} | {fsync:true}]      =
2015-07-02T19:51:54.362Z - debug: =   the default value is false which means the driver receives does not                =
2015-07-02T19:51:54.362Z - debug: =   return the information of the success/error of the insert/update/remove            =
2015-07-02T19:51:54.362Z - debug: =                                                                                      =
2015-07-02T19:51:54.363Z - debug: =   ex: new Db(new Server('localhost', 27017), {safe:false})                           =
2015-07-02T19:51:54.363Z - debug: =                                                                                      =
2015-07-02T19:51:54.363Z - debug: =   http://www.mongodb.org/display/DOCS/getLastError+Command                           =
2015-07-02T19:51:54.364Z - debug: =                                                                                      =
2015-07-02T19:51:54.364Z - debug: =  The default of no acknowledgement will change in the very near future                =
2015-07-02T19:51:54.364Z - debug: =                                                                                      =
2015-07-02T19:51:54.365Z - debug: =  This message will disappear when the default safe is set on the driver Db           =
2015-07-02T19:51:54.365Z - debug: ========================================================================================
2015-07-02T19:51:54.383Z - debug: FAILED to Connect to cp database
2015-07-02T19:51:54.385Z - debug:  Error: failed to connect to [mongo:27017]
    at Server.connect.connectionPool.on.server._serverState (/Users/randy/Development/new_conversepoint/atrium-server/node_modules/mongodb/lib/mongodb/connection/server.js:553:25)
    at emit (events.js:106:17)
    at connection.on._self._poolState (/Users/randy/Development/new_conversepoint/atrium-server/node_modules/mongodb/lib/mongodb/connection/connection_pool.js:140:15)
    at emit (events.js:98:17)
    at Socket.errorHandler (/Users/randy/Development/new_conversepoint/atrium-server/node_modules/mongodb/lib/mongodb/connection/connection.js:512:10)
    at Socket.emit (events.js:95:17)
    at Socket.connect.require.lookup.addressType (net.js:833:16)
    at process._tickCallback (node.js:419:13)
2015-07-02T19:52:40.334Z - info: winston logging started
2015-07-02T19:52:40.335Z - debug: log directory /Users/randy/Development/new_conversepoint/atrium-server/logs
2015-07-02T19:52:40.572Z - debug: local
2015-07-02T19:52:40.659Z - debug: bearer
2015-07-02T19:52:41.714Z - debug: github
2015-07-02T19:52:42.039Z - debug: facebook
2015-07-02T19:52:42.448Z - debug: google
2015-07-02T19:52:42.898Z - debug: apikey
2015-07-02T19:52:42.901Z - debug: ========================================================================================
2015-07-02T19:52:42.901Z - debug: =  Please ensure that you set the default write concern for the database by setting    =
2015-07-02T19:52:42.902Z - debug: =   one of the options                                                                 =
2015-07-02T19:52:42.902Z - debug: =                                                                                      =
2015-07-02T19:52:42.903Z - debug: =     w: (value of > -1 or the string 'majority'), where < 1 means                     =
2015-07-02T19:52:42.903Z - debug: =        no write acknowledgement                                                       =
2015-07-02T19:52:42.903Z - debug: =     journal: true/false, wait for flush to journal before acknowledgement             =
2015-07-02T19:52:42.904Z - debug: =     fsync: true/false, wait for flush to file system before acknowledgement           =
2015-07-02T19:52:42.904Z - debug: =                                                                                      =
2015-07-02T19:52:42.904Z - debug: =  For backward compatibility safe is still supported and                              =
2015-07-02T19:52:42.905Z - debug: =   allows values of [true | false | {j:true} | {w:n, wtimeout:n} | {fsync:true}]      =
2015-07-02T19:52:42.905Z - debug: =   the default value is false which means the driver receives does not                =
2015-07-02T19:52:42.906Z - debug: =   return the information of the success/error of the insert/update/remove            =
2015-07-02T19:52:42.906Z - debug: =                                                                                      =
2015-07-02T19:52:42.906Z - debug: =   ex: new Db(new Server('localhost', 27017), {safe:false})                           =
2015-07-02T19:52:42.907Z - debug: =                                                                                      =
2015-07-02T19:52:42.907Z - debug: =   http://www.mongodb.org/display/DOCS/getLastError+Command                           =
2015-07-02T19:52:42.907Z - debug: =                                                                                      =
2015-07-02T19:52:42.908Z - debug: =  The default of no acknowledgement will change in the very near future                =
2015-07-02T19:52:42.908Z - debug: =                                                                                      =
2015-07-02T19:52:42.908Z - debug: =  This message will disappear when the default safe is set on the driver Db           =
2015-07-02T19:52:42.909Z - debug: ========================================================================================
2015-07-02T19:52:42.915Z - debug: FAILED to Connect to cp database
2015-07-02T19:52:42.916Z - debug:  Error: failed to connect to [mongo:27017]
    at Server.connect.connectionPool.on.server._serverState (/Users/randy/Development/new_conversepoint/atrium-server/node_modules/mongodb/lib/mongodb/connection/server.js:553:25)
    at emit (events.js:106:17)
    at connection.on._self._poolState (/Users/randy/Development/new_conversepoint/atrium-server/node_modules/mongodb/lib/mongodb/connection/connection_pool.js:140:15)
    at emit (events.js:98:17)
    at Socket.errorHandler (/Users/randy/Development/new_conversepoint/atrium-server/node_modules/mongodb/lib/mongodb/connection/connection.js:512:10)
    at Socket.emit (events.js:95:17)
    at Socket.connect.require.lookup.addressType (net.js:833:16)
    at process._tickCallback (node.js:419:13)
